TN:
SF:src/index.ts
FN:52,(anonymous_0)
FN:69,(anonymous_1)
FN:70,(anonymous_2)
FN:78,(anonymous_3)
FN:89,(anonymous_4)
FN:93,(anonymous_5)
FN:117,(anonymous_6)
FN:137,(anonymous_7)
FN:141,(anonymous_8)
FN:153,(anonymous_9)
FN:157,(anonymous_10)
FN:275,(anonymous_11)
FN:278,(anonymous_12)
FN:288,(anonymous_13)
FN:289,(anonymous_14)
FN:388,(anonymous_15)
FN:421,(anonymous_16)
FN:481,(anonymous_17)
FN:546,(anonymous_18)
FN:570,(anonymous_19)
FN:572,(anonymous_20)
FN:599,(anonymous_21)
FN:617,(anonymous_22)
FNF:23
FNH:14
FNDA:7,(anonymous_0)
FNDA:0,(anonymous_1)
FNDA:0,(anonymous_2)
FNDA:0,(anonymous_3)
FNDA:6,(anonymous_4)
FNDA:5,(anonymous_5)
FNDA:6,(anonymous_6)
FNDA:0,(anonymous_7)
FNDA:0,(anonymous_8)
FNDA:8,(anonymous_9)
FNDA:0,(anonymous_10)
FNDA:3,(anonymous_11)
FNDA:1,(anonymous_12)
FNDA:7,(anonymous_13)
FNDA:0,(anonymous_14)
FNDA:0,(anonymous_15)
FNDA:1,(anonymous_16)
FNDA:1,(anonymous_17)
FNDA:1,(anonymous_18)
FNDA:1,(anonymous_19)
FNDA:1,(anonymous_20)
FNDA:0,(anonymous_21)
FNDA:1,(anonymous_22)
DA:53,7
DA:65,7
DA:66,7
DA:69,7
DA:70,7
DA:71,0
DA:72,0
DA:75,7
DA:79,0
DA:80,0
DA:81,0
DA:82,0
DA:83,0
DA:85,0
DA:86,0
DA:90,6
DA:94,5
DA:95,5
DA:96,5
DA:98,5
DA:99,1
DA:100,1
DA:103,4
DA:104,4
DA:105,4
DA:106,4
DA:108,0
DA:109,0
DA:111,0
DA:113,0
DA:118,6
DA:119,6
DA:121,6
DA:122,1
DA:123,1
DA:126,5
DA:127,5
DA:128,1
DA:134,4
DA:135,4
DA:137,4
DA:138,0
DA:141,4
DA:142,0
DA:146,4
DA:147,4
DA:153,4
DA:154,8
DA:157,4
DA:158,0
DA:162,4
DA:165,4
DA:166,4
DA:169,4
DA:170,4
DA:171,4
DA:244,4
DA:245,4
DA:246,4
DA:249,4
DA:250,4
DA:268,0
DA:269,0
DA:273,4
DA:276,3
DA:277,3
DA:278,3
DA:282,4
DA:283,4
DA:284,4
DA:285,4
DA:289,7
DA:388,7
DA:389,0
DA:390,0
DA:392,0
DA:394,0
DA:396,0
DA:397,0
DA:399,0
DA:400,0
DA:402,0
DA:403,0
DA:405,0
DA:410,0
DA:411,0
DA:413,0
DA:414,0
DA:415,0
DA:416,0
DA:422,1
DA:423,1
DA:425,1
DA:426,1
DA:428,1
DA:429,1
DA:432,1
DA:433,1
DA:434,0
DA:437,1
DA:444,1
DA:445,1
DA:449,1
DA:450,1
DA:451,1
DA:456,1
DA:457,1
DA:468,0
DA:469,0
DA:482,1
DA:483,1
DA:485,1
DA:486,1
DA:488,1
DA:489,1
DA:492,1
DA:493,1
DA:494,0
DA:497,1
DA:504,1
DA:505,1
DA:509,1
DA:510,1
DA:511,1
DA:516,1
DA:521,1
DA:522,1
DA:533,0
DA:534,0
DA:547,1
DA:548,1
DA:550,1
DA:551,1
DA:553,1
DA:554,1
DA:557,1
DA:558,1
DA:559,0
DA:562,1
DA:569,1
DA:570,1
DA:571,1
DA:572,1
DA:573,1
DA:574,1
DA:584,1
DA:585,1
DA:586,1
DA:589,1
DA:590,1
DA:593,1
DA:594,1
DA:599,1
DA:600,0
DA:601,0
DA:602,0
DA:603,0
DA:604,0
DA:618,1
DA:619,1
DA:620,1
DA:621,1
DA:625,1
DA:626,1
LF:164
LH:117
BRDA:90,0,0,6
BRDA:90,0,1,0
BRDA:98,1,0,1
BRDA:108,2,0,0
BRDA:108,2,1,0
BRDA:121,3,0,1
BRDA:127,4,0,1
BRDA:162,5,0,0
BRDA:162,5,1,4
BRDA:162,6,0,4
BRDA:162,6,1,4
BRDA:249,7,0,4
BRDA:277,8,0,3
BRDA:277,8,1,2
BRDA:394,9,0,0
BRDA:394,9,1,0
BRDA:394,9,2,0
BRDA:394,9,3,0
BRDA:414,10,0,0
BRDA:415,11,0,0
BRDA:415,11,1,0
BRDA:428,12,0,0
BRDA:428,12,1,1
BRDA:433,13,0,0
BRDA:461,14,0,0
BRDA:461,14,1,1
BRDA:488,15,0,0
BRDA:488,15,1,1
BRDA:493,16,0,0
BRDA:526,17,0,1
BRDA:526,17,1,0
BRDA:553,18,0,0
BRDA:553,18,1,1
BRDA:558,19,0,0
BRDA:571,20,0,1
BRDA:571,20,1,1
BRDA:585,21,0,1
BRDA:602,22,0,0
BRF:38
BRH:18
end_of_record
